app/build/intermediates/manifest_merge_blame_file/debug/manifest-merger-blame-debug-report.txt
1<?xml version="1.0" encoding="utf-8"?>
2<manifest xmlns:android="http://schemas.android.com/apk/res/android"
3    package="com.interdiciplinar.viajou"
4    android:versionCode="1"
5    android:versionName="1.0" >
6
7    <uses-sdk
8        android:minSdkVersion="30"
9        android:targetSdkVersion="34" />
10
11    <uses-feature
11-->src\main\AndroidManifest.xml:5:5-7:36
12        android:name="android.hardware.telephony"
12-->src\main\AndroidManifest.xml:6:9-50
13        android:required="false" />
13-->src\main\AndroidManifest.xml:7:9-33
14    <uses-feature
14-->src\main\AndroidManifest.xml:8:5-10:36
15        android:name="android.hardware.camera"
15-->src\main\AndroidManifest.xml:9:9-47
16        android:required="false" />
16-->src\main\AndroidManifest.xml:10:9-33
17    <uses-feature
17-->src\main\AndroidManifest.xml:11:5-13:36
18        android:name="android.hardware.camera.autofocus"
18-->src\main\AndroidManifest.xml:12:9-57
19        android:required="false" />
19-->src\main\AndroidManifest.xml:13:9-33
20
21    <uses-permission android:name="android.permission.INTERNET" />
21-->src\main\AndroidManifest.xml:15:5-67
21-->src\main\AndroidManifest.xml:15:22-64
22    <uses-permission android:name="android.permission.RECEIVE_SMS" />
22-->src\main\AndroidManifest.xml:16:5-70
22-->src\main\AndroidManifest.xml:16:22-67
23    <uses-permission android:name="android.permission.READ_SMS" />
23-->src\main\AndroidManifest.xml:17:5-67
23-->src\main\AndroidManifest.xml:17:22-64
24    <uses-permission android:name="android.permission.SEND_SMS" />
24-->src\main\AndroidManifest.xml:18:5-67
24-->src\main\AndroidManifest.xml:18:22-64
25    <uses-permission android:name="android.permission.CAMERA" />
25-->src\main\AndroidManifest.xml:19:5-65
25-->src\main\AndroidManifest.xml:19:22-62
26    <uses-permission android:name="android.permission.READ_MEDIA_IMAGES" />
26-->src\main\AndroidManifest.xml:20:5-76
26-->src\main\AndroidManifest.xml:20:22-73
27    <uses-permission android:name="android.permission.ACCESS_NETWORK_STATE" />
27-->[com.google.firebase:firebase-auth:23.0.0] AndroidManifest.xml:26:5-79
27-->[com.google.firebase:firebase-auth:23.0.0] AndroidManifest.xml:26:22-76
28    <uses-permission android:name="com.google.android.providers.gsf.permission.READ_GSERVICES" />
28-->[com.google.android.recaptcha:recaptcha:18.4.0] AndroidManifest.xml:9:5-98
28-->[com.google.android.recaptcha:recaptcha:18.4.0] AndroidManifest.xml:9:22-95
29
30    <permission
30-->[androidx.core:core:1.13.0] AndroidManifest.xml:22:5-24:47
31        android:name="com.interdiciplinar.viajou.DYNAMIC_RECEIVER_NOT_EXPORTED_PERMISSION"
31-->[androidx.core:core:1.13.0] AndroidManifest.xml:23:9-81
32        android:protectionLevel="signature" />
32-->[androidx.core:core:1.13.0] AndroidManifest.xml:24:9-44
33
34    <uses-permission android:name="com.interdiciplinar.viajou.DYNAMIC_RECEIVER_NOT_EXPORTED_PERMISSION" />
34-->[androidx.core:core:1.13.0] AndroidManifest.xml:26:5-97
34-->[androidx.core:core:1.13.0] AndroidManifest.xml:26:22-94
35
36    <application
36-->src\main\AndroidManifest.xml:22:5-114:19
37        android:allowBackup="true"
37-->src\main\AndroidManifest.xml:23:9-35
38        android:appComponentFactory="androidx.core.app.CoreComponentFactory"
38-->[androidx.core:core:1.13.0] AndroidManifest.xml:28:18-86
39        android:dataExtractionRules="@xml/data_extraction_rules"
39-->src\main\AndroidManifest.xml:24:9-65
40        android:debuggable="true"
41        android:extractNativeLibs="false"
42        android:fullBackupContent="@xml/backup_rules"
42-->src\main\AndroidManifest.xml:25:9-54
43        android:icon="@mipmap/ic_launcher"
43-->src\main\AndroidManifest.xml:26:9-43
44        android:label="@string/app_name"
44-->src\main\AndroidManifest.xml:27:9-41
45        android:supportsRtl="true"
45-->src\main\AndroidManifest.xml:28:9-35
46        android:testOnly="true"
47        android:theme="@style/Theme.FragmentAndroid" >
47-->src\main\AndroidManifest.xml:29:9-53
48        <activity
48-->src\main\AndroidManifest.xml:31:9-33:40
49            android:name="com.interdiciplinar.viajou.Telas.TelasSecundarias.TelaNotificacao"
49-->src\main\AndroidManifest.xml:32:13-67
50            android:exported="false" />
50-->src\main\AndroidManifest.xml:33:13-37
51        <activity
51-->src\main\AndroidManifest.xml:34:9-36:40
52            android:name="com.interdiciplinar.viajou.Telas.TelasSecundarias.TelaPerfil"
52-->src\main\AndroidManifest.xml:35:13-62
53            android:exported="false" />
53-->src\main\AndroidManifest.xml:36:13-37
54        <activity
54-->src\main\AndroidManifest.xml:37:9-40:56
55            android:name="com.interdiciplinar.viajou.Telas.TelasEntrada.TelaEsqueceuSenha3"
55-->src\main\AndroidManifest.xml:38:13-66
56            android:exported="false"
56-->src\main\AndroidManifest.xml:39:13-37
57            android:theme="@style/Base.Theme.Viajou" />
57-->src\main\AndroidManifest.xml:40:13-53
58        <activity
58-->src\main\AndroidManifest.xml:41:9-44:56
59            android:name="com.interdiciplinar.viajou.Telas.TelasEntrada.TelaEsqueceuSenha2"
59-->src\main\AndroidManifest.xml:42:13-66
60            android:exported="false"
60-->src\main\AndroidManifest.xml:43:13-37
61            android:theme="@style/Base.Theme.Viajou" />
61-->src\main\AndroidManifest.xml:44:13-53
62        <activity
62-->src\main\AndroidManifest.xml:45:9-48:56
63            android:name="com.interdiciplinar.viajou.Telas.TelasEntrada.TelaEsqueceuSenha"
63-->src\main\AndroidManifest.xml:46:13-65
64            android:exported="false"
64-->src\main\AndroidManifest.xml:47:13-37
65            android:theme="@style/Base.Theme.Viajou" />
65-->src\main\AndroidManifest.xml:48:13-53
66        <activity
66-->src\main\AndroidManifest.xml:49:9-52:56
67            android:name="com.interdiciplinar.viajou.Telas.TelasErro.TelaErroSMS"
67-->src\main\AndroidManifest.xml:50:13-56
68            android:exported="false"
68-->src\main\AndroidManifest.xml:51:13-37
69            android:theme="@style/Base.Theme.Viajou" />
69-->src\main\AndroidManifest.xml:52:13-53
70        <activity
70-->src\main\AndroidManifest.xml:53:9-56:56
71            android:name="com.interdiciplinar.viajou.Telas.TelasErro.TelaErroInterno"
71-->src\main\AndroidManifest.xml:54:13-60
72            android:exported="false"
72-->src\main\AndroidManifest.xml:55:13-37
73            android:theme="@style/Base.Theme.Viajou" />
73-->src\main\AndroidManifest.xml:56:13-53
74        <activity
74-->src\main\AndroidManifest.xml:57:9-60:56
75            android:name="com.interdiciplinar.viajou.Telas.TelasEntrada.TelaCadastro2"
75-->src\main\AndroidManifest.xml:58:13-61
76            android:exported="false"
76-->src\main\AndroidManifest.xml:59:13-37
77            android:theme="@style/Base.Theme.Viajou" />
77-->src\main\AndroidManifest.xml:60:13-53
78        <activity
78-->src\main\AndroidManifest.xml:61:9-63:40
79            android:name="com.interdiciplinar.viajou.MainActivity"
79-->src\main\AndroidManifest.xml:62:13-41
80            android:exported="false" />
80-->src\main\AndroidManifest.xml:63:13-37
81        <activity
81-->src\main\AndroidManifest.xml:64:9-67:56
82            android:name="com.interdiciplinar.viajou.Telas.TelasEntrada.TelaPesquisa"
82-->src\main\AndroidManifest.xml:65:13-60
83            android:exported="false"
83-->src\main\AndroidManifest.xml:66:13-37
84            android:theme="@style/Base.Theme.Viajou" />
84-->src\main\AndroidManifest.xml:67:13-53
85        <activity
85-->src\main\AndroidManifest.xml:68:9-71:56
86            android:name="com.interdiciplinar.viajou.Telas.TelasEntrada.TelaLogin"
86-->src\main\AndroidManifest.xml:69:13-57
87            android:exported="false"
87-->src\main\AndroidManifest.xml:70:13-37
88            android:theme="@style/Base.Theme.Viajou" />
88-->src\main\AndroidManifest.xml:71:13-53
89        <activity
89-->src\main\AndroidManifest.xml:72:9-75:56
90            android:name="com.interdiciplinar.viajou.Telas.TelasEntrada.TelaCadastro"
90-->src\main\AndroidManifest.xml:73:13-60
91            android:exported="false"
91-->src\main\AndroidManifest.xml:74:13-37
92            android:theme="@style/Base.Theme.Viajou" />
92-->src\main\AndroidManifest.xml:75:13-53
93        <activity
93-->src\main\AndroidManifest.xml:76:9-79:56
94            android:name="com.interdiciplinar.viajou.Telas.TelasEntrada.TelaSMS"
94-->src\main\AndroidManifest.xml:77:13-55
95            android:exported="false"
95-->src\main\AndroidManifest.xml:78:13-37
96            android:theme="@style/Base.Theme.Viajou" />
96-->src\main\AndroidManifest.xml:79:13-53
97        <activity
97-->src\main\AndroidManifest.xml:80:9-83:56
98            android:name="com.interdiciplinar.viajou.Telas.TelasPrincipais.TelaEventosFragment"
98-->src\main\AndroidManifest.xml:81:13-70
99            android:exported="false"
99-->src\main\AndroidManifest.xml:82:13-37
100            android:theme="@style/Base.Theme.Viajou" />
100-->src\main\AndroidManifest.xml:83:13-53
101        <activity
101-->src\main\AndroidManifest.xml:84:9-87:56
102            android:name="com.interdiciplinar.viajou.Telas.TelasPrincipais.TelaExcursoesFragment"
102-->src\main\AndroidManifest.xml:85:13-72
103            android:exported="false"
103-->src\main\AndroidManifest.xml:86:13-37
104            android:theme="@style/Base.Theme.Viajou" />
104-->src\main\AndroidManifest.xml:87:13-53
105        <activity
105-->src\main\AndroidManifest.xml:88:9-91:56
106            android:name="com.interdiciplinar.viajou.Telas.TelasPrincipais.TelaFigurinhasFragment"
106-->src\main\AndroidManifest.xml:89:13-73
107            android:exported="false"
107-->src\main\AndroidManifest.xml:90:13-37
108            android:theme="@style/Base.Theme.Viajou" />
108-->src\main\AndroidManifest.xml:91:13-53
109        <activity
109-->src\main\AndroidManifest.xml:92:9-95:56
110            android:name="com.interdiciplinar.viajou.Telas.TelasPrincipais.TelaHomeFragment"
110-->src\main\AndroidManifest.xml:93:13-67
111            android:exported="false"
111-->src\main\AndroidManifest.xml:94:13-37
112            android:theme="@style/Base.Theme.Viajou" />
112-->src\main\AndroidManifest.xml:95:13-53
113        <activity
113-->src\main\AndroidManifest.xml:96:9-99:56
114            android:name="com.interdiciplinar.viajou.Telas.TelasPrincipais.TelaTurismosFragment"
114-->src\main\AndroidManifest.xml:97:13-71
115            android:exported="false"
115-->src\main\AndroidManifest.xml:98:13-37
116            android:theme="@style/Base.Theme.Viajou" />
116-->src\main\AndroidManifest.xml:99:13-53
117        <activity
117-->src\main\AndroidManifest.xml:100:9-109:20
118            android:name="com.interdiciplinar.viajou.Telas.Animacoes.SplashScreen"
118-->src\main\AndroidManifest.xml:101:13-57
119            android:exported="true"
119-->src\main\AndroidManifest.xml:102:13-36
120            android:theme="@style/Base.Theme.Viajou" >
120-->src\main\AndroidManifest.xml:103:13-53
121            <intent-filter>
121-->src\main\AndroidManifest.xml:104:13-108:29
122                <action android:name="android.intent.action.MAIN" />
122-->src\main\AndroidManifest.xml:105:17-69
122-->src\main\AndroidManifest.xml:105:25-66
123
124                <category android:name="android.intent.category.LAUNCHER" />
124-->src\main\AndroidManifest.xml:107:17-77
124-->src\main\AndroidManifest.xml:107:27-74
125            </intent-filter>
126        </activity>
127
128        <meta-data
128-->src\main\AndroidManifest.xml:111:9-113:57
129            android:name="preloaded_fonts"
129-->src\main\AndroidManifest.xml:112:13-43
130            android:resource="@array/preloaded_fonts" />
130-->src\main\AndroidManifest.xml:113:13-54
131
132        <activity
132-->[com.google.firebase:firebase-auth:23.0.0] AndroidManifest.xml:29:9-46:20
133            android:name="com.google.firebase.auth.internal.GenericIdpActivity"
133-->[com.google.firebase:firebase-auth:23.0.0] AndroidManifest.xml:30:13-80
134            android:excludeFromRecents="true"
134-->[com.google.firebase:firebase-auth:23.0.0] AndroidManifest.xml:31:13-46
135            android:exported="true"
135-->[com.google.firebase:firebase-auth:23.0.0] AndroidManifest.xml:32:13-36
136            android:launchMode="singleTask"
136-->[com.google.firebase:firebase-auth:23.0.0] AndroidManifest.xml:33:13-44
137            android:theme="@android:style/Theme.Translucent.NoTitleBar" >
137-->[com.google.firebase:firebase-auth:23.0.0] AndroidManifest.xml:34:13-72
138            <intent-filter>
138-->[com.google.firebase:firebase-auth:23.0.0] AndroidManifest.xml:35:13-45:29
139                <action android:name="android.intent.action.VIEW" />
139-->[com.google.firebase:firebase-auth:23.0.0] AndroidManifest.xml:36:17-69
139-->[com.google.firebase:firebase-auth:23.0.0] AndroidManifest.xml:36:25-66
140
141                <category android:name="android.intent.category.DEFAULT" />
141-->[com.google.firebase:firebase-auth:23.0.0] AndroidManifest.xml:38:17-76
141-->[com.google.firebase:firebase-auth:23.0.0] AndroidManifest.xml:38:27-73
142                <category android:name="android.intent.category.BROWSABLE" />
142-->[com.google.firebase:firebase-auth:23.0.0] AndroidManifest.xml:39:17-78
142-->[com.google.firebase:firebase-auth:23.0.0] AndroidManifest.xml:39:27-75
143
144                <data
144-->[com.google.firebase:firebase-auth:23.0.0] AndroidManifest.xml:41:17-44:51
145                    android:host="firebase.auth"
145-->[com.google.firebase:firebase-auth:23.0.0] AndroidManifest.xml:42:21-49
146                    android:path="/"
146-->[com.google.firebase:firebase-auth:23.0.0] AndroidManifest.xml:43:21-37
147                    android:scheme="genericidp" />
147-->[com.google.firebase:firebase-auth:23.0.0] AndroidManifest.xml:44:21-48
148            </intent-filter>
149        </activity>
150        <activity
150-->[com.google.firebase:firebase-auth:23.0.0] AndroidManifest.xml:47:9-64:20
151            android:name="com.google.firebase.auth.internal.RecaptchaActivity"
151-->[com.google.firebase:firebase-auth:23.0.0] AndroidManifest.xml:48:13-79
152            android:excludeFromRecents="true"
152-->[com.google.firebase:firebase-auth:23.0.0] AndroidManifest.xml:49:13-46
153            android:exported="true"
153-->[com.google.firebase:firebase-auth:23.0.0] AndroidManifest.xml:50:13-36
154            android:launchMode="singleTask"
154-->[com.google.firebase:firebase-auth:23.0.0] AndroidManifest.xml:51:13-44
155            android:theme="@android:style/Theme.Translucent.NoTitleBar" >
155-->[com.google.firebase:firebase-auth:23.0.0] AndroidManifest.xml:52:13-72
156            <intent-filter>
156-->[com.google.firebase:firebase-auth:23.0.0] AndroidManifest.xml:53:13-63:29
157                <action android:name="android.intent.action.VIEW" />
157-->[com.google.firebase:firebase-auth:23.0.0] AndroidManifest.xml:36:17-69
157-->[com.google.firebase:firebase-auth:23.0.0] AndroidManifest.xml:36:25-66
158
159                <category android:name="android.intent.category.DEFAULT" />
159-->[com.google.firebase:firebase-auth:23.0.0] AndroidManifest.xml:38:17-76
159-->[com.google.firebase:firebase-auth:23.0.0] AndroidManifest.xml:38:27-73
160                <category android:name="android.intent.category.BROWSABLE" />
160-->[com.google.firebase:firebase-auth:23.0.0] AndroidManifest.xml:39:17-78
160-->[com.google.firebase:firebase-auth:23.0.0] AndroidManifest.xml:39:27-75
161
162                <data
162-->[com.google.firebase:firebase-auth:23.0.0] AndroidManifest.xml:41:17-44:51
163                    android:host="firebase.auth"
163-->[com.google.firebase:firebase-auth:23.0.0] AndroidManifest.xml:42:21-49
164                    android:path="/"
164-->[com.google.firebase:firebase-auth:23.0.0] AndroidManifest.xml:43:21-37
165                    android:scheme="recaptcha" />
165-->[com.google.firebase:firebase-auth:23.0.0] AndroidManifest.xml:44:21-48
166            </intent-filter>
167        </activity>
168
169        <service
169-->[com.google.firebase:firebase-auth:23.0.0] AndroidManifest.xml:66:9-72:19
170            android:name="com.google.firebase.components.ComponentDiscoveryService"
170-->[com.google.firebase:firebase-auth:23.0.0] AndroidManifest.xml:67:13-84
171            android:directBootAware="true"
171-->[com.google.firebase:firebase-common:21.0.0] AndroidManifest.xml:32:13-43
172            android:exported="false" >
172-->[com.google.firebase:firebase-auth:23.0.0] AndroidManifest.xml:68:13-37
173            <meta-data
173-->[com.google.firebase:firebase-auth:23.0.0] AndroidManifest.xml:69:13-71:85
174                android:name="com.google.firebase.components:com.google.firebase.auth.FirebaseAuthRegistrar"
174-->[com.google.firebase:firebase-auth:23.0.0] AndroidManifest.xml:70:17-109
175                android:value="com.google.firebase.components.ComponentRegistrar" />
175-->[com.google.firebase:firebase-auth:23.0.0] AndroidManifest.xml:71:17-82
176            <meta-data
176-->[com.google.firebase:firebase-common-ktx:21.0.0] AndroidManifest.xml:12:13-14:85
177                android:name="com.google.firebase.components:com.google.firebase.ktx.FirebaseCommonLegacyRegistrar"
177-->[com.google.firebase:firebase-common-ktx:21.0.0] AndroidManifest.xml:13:17-116
178                android:value="com.google.firebase.components.ComponentRegistrar" />
178-->[com.google.firebase:firebase-common-ktx:21.0.0] AndroidManifest.xml:14:17-82
179            <meta-data
179-->[com.google.firebase:firebase-common:21.0.0] AndroidManifest.xml:35:13-37:85
180                android:name="com.google.firebase.components:com.google.firebase.FirebaseCommonKtxRegistrar"
180-->[com.google.firebase:firebase-common:21.0.0] AndroidManifest.xml:36:17-109
181                android:value="com.google.firebase.components.ComponentRegistrar" />
181-->[com.google.firebase:firebase-common:21.0.0] AndroidManifest.xml:37:17-82
182        </service>
183
184        <provider
184-->[com.google.firebase:firebase-common:21.0.0] AndroidManifest.xml:23:9-28:39
185            android:name="com.google.firebase.provider.FirebaseInitProvider"
185-->[com.google.firebase:firebase-common:21.0.0] AndroidManifest.xml:24:13-77
186            android:authorities="com.interdiciplinar.viajou.firebaseinitprovider"
186-->[com.google.firebase:firebase-common:21.0.0] AndroidManifest.xml:25:13-72
187            android:directBootAware="true"
187-->[com.google.firebase:firebase-common:21.0.0] AndroidManifest.xml:26:13-43
188            android:exported="false"
188-->[com.google.firebase:firebase-common:21.0.0] AndroidManifest.xml:27:13-37
189            android:initOrder="100" />
189-->[com.google.firebase:firebase-common:21.0.0] AndroidManifest.xml:28:13-36
190
191        <service
191-->[androidx.credentials:credentials-play-services-auth:1.2.0-rc01] AndroidManifest.xml:24:9-32:19
192            android:name="androidx.credentials.playservices.CredentialProviderMetadataHolder"
192-->[androidx.credentials:credentials-play-services-auth:1.2.0-rc01] AndroidManifest.xml:25:13-94
193            android:enabled="true"
193-->[androidx.credentials:credentials-play-services-auth:1.2.0-rc01] AndroidManifest.xml:26:13-35
194            android:exported="false" >
194-->[androidx.credentials:credentials-play-services-auth:1.2.0-rc01] AndroidManifest.xml:27:13-37
195            <meta-data
195-->[androidx.credentials:credentials-play-services-auth:1.2.0-rc01] AndroidManifest.xml:29:13-31:104
196                android:name="androidx.credentials.CREDENTIAL_PROVIDER_KEY"
196-->[androidx.credentials:credentials-play-services-auth:1.2.0-rc01] AndroidManifest.xml:30:17-76
197                android:value="androidx.credentials.playservices.CredentialProviderPlayServicesImpl" />
197-->[androidx.credentials:credentials-play-services-auth:1.2.0-rc01] AndroidManifest.xml:31:17-101
198        </service>
199
200        <activity
200-->[androidx.credentials:credentials-play-services-auth:1.2.0-rc01] AndroidManifest.xml:34:9-41:20
201            android:name="androidx.credentials.playservices.HiddenActivity"
201-->[androidx.credentials:credentials-play-services-auth:1.2.0-rc01] AndroidManifest.xml:35:13-76
202            android:configChanges="orientation|screenSize|screenLayout|keyboardHidden"
202-->[androidx.credentials:credentials-play-services-auth:1.2.0-rc01] AndroidManifest.xml:36:13-87
203            android:enabled="true"
203-->[androidx.credentials:credentials-play-services-auth:1.2.0-rc01] AndroidManifest.xml:37:13-35
204            android:exported="false"
204-->[androidx.credentials:credentials-play-services-auth:1.2.0-rc01] AndroidManifest.xml:38:13-37
205            android:fitsSystemWindows="true"
205-->[androidx.credentials:credentials-play-services-auth:1.2.0-rc01] AndroidManifest.xml:39:13-45
206            android:theme="@style/Theme.Hidden" >
206-->[androidx.credentials:credentials-play-services-auth:1.2.0-rc01] AndroidManifest.xml:40:13-48
207        </activity>
208        <activity
208-->[com.google.android.gms:play-services-auth:20.7.0] AndroidManifest.xml:23:9-27:75
209            android:name="com.google.android.gms.auth.api.signin.internal.SignInHubActivity"
209-->[com.google.android.gms:play-services-auth:20.7.0] AndroidManifest.xml:24:13-93
210            android:excludeFromRecents="true"
210-->[com.google.android.gms:play-services-auth:20.7.0] AndroidManifest.xml:25:13-46
211            android:exported="false"
211-->[com.google.android.gms:play-services-auth:20.7.0] AndroidManifest.xml:26:13-37
212            android:theme="@android:style/Theme.Translucent.NoTitleBar" />
212-->[com.google.android.gms:play-services-auth:20.7.0] AndroidManifest.xml:27:13-72
213        <!--
214            Service handling Google Sign-In user revocation. For apps that do not integrate with
215            Google Sign-In, this service will never be started.
216        -->
217        <service
217-->[com.google.android.gms:play-services-auth:20.7.0] AndroidManifest.xml:33:9-37:51
218            android:name="com.google.android.gms.auth.api.signin.RevocationBoundService"
218-->[com.google.android.gms:play-services-auth:20.7.0] AndroidManifest.xml:34:13-89
219            android:exported="true"
219-->[com.google.android.gms:play-services-auth:20.7.0] AndroidManifest.xml:35:13-36
220            android:permission="com.google.android.gms.auth.api.signin.permission.REVOCATION_NOTIFICATION"
220-->[com.google.android.gms:play-services-auth:20.7.0] AndroidManifest.xml:36:13-107
221            android:visibleToInstantApps="true" />
221-->[com.google.android.gms:play-services-auth:20.7.0] AndroidManifest.xml:37:13-48
222
223        <activity
223-->[com.google.android.gms:play-services-base:18.0.1] AndroidManifest.xml:20:9-22:45
224            android:name="com.google.android.gms.common.api.GoogleApiActivity"
224-->[com.google.android.gms:play-services-base:18.0.1] AndroidManifest.xml:20:19-85
225            android:exported="false"
225-->[com.google.android.gms:play-services-base:18.0.1] AndroidManifest.xml:22:19-43
226            android:theme="@android:style/Theme.Translucent.NoTitleBar" />
226-->[com.google.android.gms:play-services-base:18.0.1] AndroidManifest.xml:21:19-78
227
228        <provider
228-->[androidx.emoji2:emoji2:1.3.0] AndroidManifest.xml:24:9-32:20
229            android:name="androidx.startup.InitializationProvider"
229-->[androidx.emoji2:emoji2:1.3.0] AndroidManifest.xml:25:13-67
230            android:authorities="com.interdiciplinar.viajou.androidx-startup"
230-->[androidx.emoji2:emoji2:1.3.0] AndroidManifest.xml:26:13-68
231            android:exported="false" >
231-->[androidx.emoji2:emoji2:1.3.0] AndroidManifest.xml:27:13-37
232            <meta-data
232-->[androidx.emoji2:emoji2:1.3.0] AndroidManifest.xml:29:13-31:52
233                android:name="androidx.emoji2.text.EmojiCompatInitializer"
233-->[androidx.emoji2:emoji2:1.3.0] AndroidManifest.xml:30:17-75
234                android:value="androidx.startup" />
234-->[androidx.emoji2:emoji2:1.3.0] AndroidManifest.xml:31:17-49
235            <meta-data
235-->[androidx.lifecycle:lifecycle-process:2.6.2] AndroidManifest.xml:29:13-31:52
236                android:name="androidx.lifecycle.ProcessLifecycleInitializer"
236-->[androidx.lifecycle:lifecycle-process:2.6.2] AndroidManifest.xml:30:17-78
237                android:value="androidx.startup" />
237-->[androidx.lifecycle:lifecycle-process:2.6.2] AndroidManifest.xml:31:17-49
238            <meta-data
238-->[androidx.profileinstaller:profileinstaller:1.3.1] AndroidManifest.xml:29:13-31:52
239                android:name="androidx.profileinstaller.ProfileInstallerInitializer"
239-->[androidx.profileinstaller:profileinstaller:1.3.1] AndroidManifest.xml:30:17-85
240                android:value="androidx.startup" />
240-->[androidx.profileinstaller:profileinstaller:1.3.1] AndroidManifest.xml:31:17-49
241        </provider>
242
243        <uses-library
243-->[androidx.window:window:1.0.0] AndroidManifest.xml:25:9-27:40
244            android:name="androidx.window.extensions"
244-->[androidx.window:window:1.0.0] AndroidManifest.xml:26:13-54
245            android:required="false" />
245-->[androidx.window:window:1.0.0] AndroidManifest.xml:27:13-37
246        <uses-library
246-->[androidx.window:window:1.0.0] AndroidManifest.xml:28:9-30:40
247            android:name="androidx.window.sidecar"
247-->[androidx.window:window:1.0.0] AndroidManifest.xml:29:13-51
248            android:required="false" />
248-->[androidx.window:window:1.0.0] AndroidManifest.xml:30:13-37
249
250        <meta-data
250-->[com.google.android.gms:play-services-basement:18.3.0] AndroidManifest.xml:21:9-23:69
251            android:name="com.google.android.gms.version"
251-->[com.google.android.gms:play-services-basement:18.3.0] AndroidManifest.xml:22:13-58
252            android:value="@integer/google_play_services_version" />
252-->[com.google.android.gms:play-services-basement:18.3.0] AndroidManifest.xml:23:13-66
253
254        <receiver
254-->[androidx.profileinstaller:profileinstaller:1.3.1] AndroidManifest.xml:34:9-52:20
255            android:name="androidx.profileinstaller.ProfileInstallReceiver"
255-->[androidx.profileinstaller:profileinstaller:1.3.1] AndroidManifest.xml:35:13-76
256            android:directBootAware="false"
256-->[androidx.profileinstaller:profileinstaller:1.3.1] AndroidManifest.xml:36:13-44
257            android:enabled="true"
257-->[androidx.profileinstaller:profileinstaller:1.3.1] AndroidManifest.xml:37:13-35
258            android:exported="true"
258-->[androidx.profileinstaller:profileinstaller:1.3.1] AndroidManifest.xml:38:13-36
259            android:permission="android.permission.DUMP" >
259-->[androidx.profileinstaller:profileinstaller:1.3.1] AndroidManifest.xml:39:13-57
260            <intent-filter>
260-->[androidx.profileinstaller:profileinstaller:1.3.1] AndroidManifest.xml:40:13-42:29
261                <action android:name="androidx.profileinstaller.action.INSTALL_PROFILE" />
261-->[androidx.profileinstaller:profileinstaller:1.3.1] AndroidManifest.xml:41:17-91
261-->[androidx.profileinstaller:profileinstaller:1.3.1] AndroidManifest.xml:41:25-88
262            </intent-filter>
263            <intent-filter>
263-->[androidx.profileinstaller:profileinstaller:1.3.1] AndroidManifest.xml:43:13-45:29
264                <action android:name="androidx.profileinstaller.action.SKIP_FILE" />
264-->[androidx.profileinstaller:profileinstaller:1.3.1] AndroidManifest.xml:44:17-85
264-->[androidx.profileinstaller:profileinstaller:1.3.1] AndroidManifest.xml:44:25-82
265            </intent-filter>
266            <intent-filter>
266-->[androidx.profileinstaller:profileinstaller:1.3.1] AndroidManifest.xml:46:13-48:29
267                <action android:name="androidx.profileinstaller.action.SAVE_PROFILE" />
267-->[androidx.profileinstaller:profileinstaller:1.3.1] AndroidManifest.xml:47:17-88
267-->[androidx.profileinstaller:profileinstaller:1.3.1] AndroidManifest.xml:47:25-85
268            </intent-filter>
269            <intent-filter>
269-->[androidx.profileinstaller:profileinstaller:1.3.1] AndroidManifest.xml:49:13-51:29
270                <action android:name="androidx.profileinstaller.action.BENCHMARK_OPERATION" />
270-->[androidx.profileinstaller:profileinstaller:1.3.1] AndroidManifest.xml:50:17-95
270-->[androidx.profileinstaller:profileinstaller:1.3.1] AndroidManifest.xml:50:25-92
271            </intent-filter>
272        </receiver>
273    </application>
274
275</manifest>